<?xml version="1.0" encoding="UTF-8"?>
<testng-results skipped="0" failed="0" ignored="0" total="1" passed="1">
  <reporter-output>
  </reporter-output>
  <suite name="Default suite" duration-ms="17182" started-at="2019-01-20T16:57:24Z" finished-at="2019-01-20T16:57:41Z">
    <groups>
    </groups>
    <test name="Default test" duration-ms="17182" started-at="2019-01-20T16:57:24Z" finished-at="2019-01-20T16:57:41Z">
      <class name="com.training.sanity.tests.AlertSettingsTest">
        <test-method status="PASS" signature="setUpBeforeClass()[pri:0, instance:com.training.sanity.tests.AlertSettingsTest@5c7fa833]" name="setUpBeforeClass" is-config="true" duration-ms="7" started-at="2019-01-20T22:27:24Z" finished-at="2019-01-20T22:27:24Z">
          <reporter-output>
          </reporter-output>
        </test-method> <!-- setUpBeforeClass -->
        <test-method status="PASS" signature="setUp()[pri:0, instance:com.training.sanity.tests.AlertSettingsTest@5c7fa833]" name="setUp" is-config="true" duration-ms="8648" started-at="2019-01-20T22:27:24Z" finished-at="2019-01-20T22:27:33Z">
          <reporter-output>
          </reporter-output>
        </test-method> <!-- setUp -->
        <test-method status="PASS" signature="AlertSettingTest()[pri:0, instance:com.training.sanity.tests.AlertSettingsTest@5c7fa833]" name="AlertSettingTest" duration-ms="5985" started-at="2019-01-20T22:27:33Z" finished-at="2019-01-20T22:27:39Z">
          <reporter-output>
          </reporter-output>
        </test-method> <!-- AlertSettingTest -->
        <test-method status="PASS" signature="tearDown()[pri:0, instance:com.training.sanity.tests.AlertSettingsTest@5c7fa833]" name="tearDown" is-config="true" duration-ms="2520" started-at="2019-01-20T22:27:39Z" finished-at="2019-01-20T22:27:41Z">
          <reporter-output>
          </reporter-output>
        </test-method> <!-- tearDown -->
      </class> <!-- com.training.sanity.tests.AlertSettingsTest -->
    </test> <!-- Default test -->
  </suite> <!-- Default suite -->
</testng-results>
