<?xml version="1.0" encoding="UTF-8"?>
<testng-results skipped="0" failed="0" ignored="0" total="1" passed="1">
  <reporter-output>
  </reporter-output>
  <suite name="Default suite" duration-ms="19275" started-at="2019-01-13T11:00:37Z" finished-at="2019-01-13T11:00:57Z">
    <groups>
    </groups>
    <test name="Default test" duration-ms="19275" started-at="2019-01-13T11:00:37Z" finished-at="2019-01-13T11:00:57Z">
      <class name="com.training.sanity.tests.DeleteAdTest">
        <test-method status="PASS" signature="setUpBeforeClass()[pri:0, instance:com.training.sanity.tests.DeleteAdTest@5c7fa833]" name="setUpBeforeClass" is-config="true" duration-ms="14" started-at="2019-01-13T16:30:37Z" finished-at="2019-01-13T16:30:37Z">
          <reporter-output>
          </reporter-output>
        </test-method> <!-- setUpBeforeClass -->
        <test-method status="PASS" signature="setUp()[pri:0, instance:com.training.sanity.tests.DeleteAdTest@5c7fa833]" name="setUp" is-config="true" duration-ms="8493" started-at="2019-01-13T16:30:37Z" finished-at="2019-01-13T16:30:46Z">
          <reporter-output>
          </reporter-output>
        </test-method> <!-- setUp -->
        <test-method status="PASS" signature="validLoginTest()[pri:0, instance:com.training.sanity.tests.DeleteAdTest@5c7fa833]" name="validLoginTest" duration-ms="8235" started-at="2019-01-13T16:30:46Z" finished-at="2019-01-13T16:30:54Z">
          <reporter-output>
          </reporter-output>
        </test-method> <!-- validLoginTest -->
        <test-method status="PASS" signature="tearDown()[pri:0, instance:com.training.sanity.tests.DeleteAdTest@5c7fa833]" name="tearDown" is-config="true" duration-ms="2518" started-at="2019-01-13T16:30:54Z" finished-at="2019-01-13T16:30:57Z">
          <reporter-output>
          </reporter-output>
        </test-method> <!-- tearDown -->
      </class> <!-- com.training.sanity.tests.DeleteAdTest -->
    </test> <!-- Default test -->
  </suite> <!-- Default suite -->
</testng-results>
