<?xml version="1.0" encoding="UTF-8"?>
<!-- Generated by org.testng.reporters.JUnitXMLReporter -->
<testsuite hostname="abhinam2" ignored="0" name="Default test" tests="5" failures="0" timestamp="31 Jan 2019 07:52:30 GMT" time="19.32" errors="0">
  <testcase name="loginTest" time="1.237" classname="com.training.sanity.tests.DBContactPayment"/>
  <testcase name="contactPayment" time="2.592" classname="com.training.sanity.tests.DBContactPayment"/>
  <testcase name="contactPayment" time="2.807" classname="com.training.sanity.tests.DBContactPayment"/>
  <testcase name="contactPayment" time="2.858" classname="com.training.sanity.tests.DBContactPayment"/>
  <testcase name="contactPayment" time="2.778" classname="com.training.sanity.tests.DBContactPayment"/>
</testsuite> <!-- Default test -->
